2019-06-20 08:06:115 INFO  CommonFunctions:85 - selectUsingIndex and index is: 3
2019-06-20 08:06:414 INFO  CommonFunctions:85 - selectUsingIndex and index is: 3
2019-06-20 08:06:681 INFO  CommonFunctions:85 - selectUsingIndex and index is: 3
2019-06-20 09:06:797 INFO  TestBase:27 - entering firstName..
2019-06-25 08:06:10 INFO  FunctionalLibrary:53 - entering ..Murugan
2019-06-25 08:06:743 INFO  FunctionalLibrary:53 - entering ..Velu
2019-06-25 08:06:717 INFO  FunctionalLibrary:53 - entering ..muruganrvelu@gmail.com
2019-06-25 08:06:445 INFO  TestBase:74 - **************facebookSignUpStarted***************
2019-06-25 08:06:526 INFO  FunctionalLibrary:53 - entering ..Murugan
2019-06-25 08:06:932 INFO  FunctionalLibrary:53 - entering ..Velu
2019-06-25 08:06:735 INFO  FunctionalLibrary:53 - entering ..muruganrvelu@gmail.com
2019-06-25 08:06:775 INFO  TestBase:88 - **************facebookSignUpFinished***************
2019-06-25 08:06:525 INFO  TestBase:75 - **************facebookSignUpStarted***************
2019-06-25 08:06:627 INFO  FunctionalLibrary:53 - entering ..Murugan
2019-06-25 08:06:964 INFO  FunctionalLibrary:53 - entering ..Velu
2019-06-25 08:06:637 INFO  FunctionalLibrary:53 - entering ..muruganrvelu@gmail.com
2019-06-25 08:06:680 INFO  TestBase:89 - **************facebookSignUpFinished***************
2019-06-26 08:06:145 INFO  TestBase:76 - **************facebookSignUpStarted***************
2019-06-26 08:06:932 INFO  TestBase:76 - **************facebookSignUpStarted***************
2019-06-26 08:06:921 INFO  FunctionalLibrary:53 - entering ..Murugan
2019-06-26 08:06:220 INFO  FunctionalLibrary:53 - entering ..Velu
2019-06-26 08:06:739 INFO  FunctionalLibrary:53 - entering ..muruganrvelu@gmail.com
2019-06-26 08:06:772 INFO  TestBase:90 - **************facebookSignUpFinished***************
2019-06-27 08:06:578 INFO  TestBase:87 - **************facebookSignUpStarted***************
2019-06-27 08:06:119 INFO  FunctionalLibrary:53 - entering ..Murugan
2019-06-27 08:06:439 INFO  FunctionalLibrary:53 - entering ..Velu
2019-06-27 08:06:63 INFO  FunctionalLibrary:53 - entering ..muruganrvelu@gmail.com
2019-06-27 08:06:802 INFO  TestBase:105 - *********s*****facebookSignUpFinished***************
2019-06-27 08:06:35 INFO  TestBase:87 - **************facebookSignUp2Started***************
2019-06-27 08:06:11 INFO  FunctionalLibrary:53 - entering ..Murugan
2019-06-27 08:06:395 INFO  FunctionalLibrary:53 - entering ..Velu
2019-06-27 08:06:53 INFO  FunctionalLibrary:53 - entering ..muruganrvelu@gmail.com
2019-06-27 08:06:612 INFO  TestBase:105 - *********s*****facebookSignUp2Finished***************
2019-06-27 08:06:876 INFO  TestBase:87 - **************facebookSignUpStarted***************
2019-06-27 08:06:319 INFO  FunctionalLibrary:53 - entering ..Murugan
2019-06-27 08:06:646 INFO  FunctionalLibrary:53 - entering ..Velu
2019-06-27 08:06:289 INFO  FunctionalLibrary:53 - entering ..muruganrvelu@gmail.com
2019-06-27 08:06:958 INFO  TestBase:105 - *********s*****facebookSignUpFinished***************
2019-06-29 08:06:655 INFO  TestBase:87 - **************facebookSignUpStarted***************
2019-06-29 08:06:122 INFO  FunctionalLibrary:53 - entering ..Murugan
2019-06-29 08:06:412 INFO  FunctionalLibrary:53 - entering ..Velu
2019-06-29 08:06:990 INFO  FunctionalLibrary:53 - entering ..muruganrvelu@gmail.com
2019-06-29 08:06:767 INFO  TestBase:105 - *********s*****facebookSignUpFinished***************
2019-06-29 08:06:688 INFO  TestBase:87 - **************facebookSignUpStarted***************
2019-06-29 08:06:625 INFO  FunctionalLibrary:53 - entering ..Murugan
2019-06-29 08:06:886 INFO  FunctionalLibrary:53 - entering ..Velu
2019-06-29 08:06:414 INFO  FunctionalLibrary:53 - entering ..muruganrvelu@gmail.com
2019-06-29 09:06:373 INFO  TestBase:87 - **************facebookSignUpStarted***************
2019-06-29 09:06:721 INFO  FunctionalLibrary:53 - entering ..Murugan
2019-06-29 09:06:20 INFO  FunctionalLibrary:53 - entering ..Velu
2019-06-29 09:06:591 INFO  FunctionalLibrary:53 - entering ..muruganrvelu@gmail.com
2019-06-29 09:06:31 INFO  FunctionalLibrary:72 - DropdownValue entering ..3
2019-06-29 09:06:123 INFO  FunctionalLibrary:79 - selectUsingValue and value is: Sept
2019-06-29 09:06:702 INFO  TestBase:105 - *********s*****facebookSignUpFinished***************
2019-06-29 09:06:97 INFO  TestBase:87 - **************facebookSignUpStarted***************
2019-06-29 09:06:256 INFO  FunctionalLibrary:53 - entering ..Murugan
2019-06-29 09:06:497 INFO  FunctionalLibrary:53 - entering ..Velu
2019-06-29 09:06:994 INFO  FunctionalLibrary:53 - entering ..muruganrvelu@gmail.com
2019-06-29 09:06:121 INFO  FunctionalLibrary:87 - selectUsingIndex and index is: 3
2019-06-29 09:06:865 INFO  FunctionalLibrary:93 - selectUsingVisibleText and visibleText is: Sept
2019-06-29 09:06:901 INFO  TestBase:87 - **************facebookSignUpStarted***************
2019-06-29 09:06:60 INFO  FunctionalLibrary:53 - entering ..Murugan
2019-06-29 09:06:345 INFO  FunctionalLibrary:53 - entering ..Velu
2019-06-29 09:06:913 INFO  FunctionalLibrary:53 - entering ..muruganrvelu@gmail.com
2019-06-29 09:06:43 INFO  FunctionalLibrary:87 - selectUsingIndex and index is: 3
2019-06-29 09:06:436 INFO  FunctionalLibrary:93 - selectUsingVisibleText and visibleText is: Sept
2019-06-29 09:06:694 INFO  FunctionalLibrary:93 - selectUsingVisibleText and visibleText is: 2019
2019-06-29 09:06:338 INFO  TestBase:105 - *********s*****facebookSignUpFinished***************
2019-06-29 09:06:256 INFO  TestBase:87 - **************facebookSignUpStarted***************
2019-06-29 09:06:726 INFO  FunctionalLibrary:53 - entering ..Murugan
2019-06-29 09:06:11 INFO  FunctionalLibrary:53 - entering ..Velu
2019-06-29 09:06:631 INFO  FunctionalLibrary:53 - entering ..muruganrvelu@gmail.com
2019-06-29 09:06:761 INFO  FunctionalLibrary:87 - selectUsingIndex and index is: 3
2019-06-29 09:06:567 INFO  FunctionalLibrary:95 - selectUsingVisibleText and visibleText is: Sept
2019-06-29 09:06:224 INFO  FunctionalLibrary:124 - Month
2019-06-29 09:06:408 INFO  FunctionalLibrary:124 - Jan
2019-06-29 09:06:707 INFO  FunctionalLibrary:124 - Feb
2019-06-29 09:06:958 INFO  FunctionalLibrary:124 - Mar
2019-06-29 09:06:43 INFO  FunctionalLibrary:124 - Apr
2019-06-29 09:06:45 INFO  FunctionalLibrary:124 - May
2019-06-29 09:06:492 INFO  FunctionalLibrary:124 - Jun
2019-06-29 09:06:234 INFO  FunctionalLibrary:124 - Jul
2019-06-29 09:06:215 INFO  FunctionalLibrary:124 - Aug
2019-06-29 09:06:596 INFO  FunctionalLibrary:124 - Sept
2019-06-29 09:06:693 INFO  FunctionalLibrary:124 - Oct
2019-06-29 09:06:833 INFO  FunctionalLibrary:124 - Nov
2019-06-29 09:06:495 INFO  FunctionalLibrary:124 - Dec
2019-06-29 09:06:211 INFO  TestBase:87 - **************facebookSignUpStarted***************
2019-06-29 09:06:298 INFO  TestBase:87 - **************facebookSignUpStarted***************
2019-06-29 09:06:662 INFO  FunctionalLibrary:53 - entering ..Murugan
2019-06-29 09:06:143 INFO  FunctionalLibrary:53 - entering ..Velu
2019-06-29 09:06:905 INFO  FunctionalLibrary:53 - entering ..muruganrvelu@gmail.com
2019-06-29 09:06:105 INFO  FunctionalLibrary:87 - selectUsingIndex and index is: 3
2019-06-29 09:06:603 INFO  FunctionalLibrary:95 - selectUsingVisibleText and visibleText is: Sept
2019-06-29 09:06:108 INFO  FunctionalLibrary:124 - Month
2019-06-29 09:06:200 INFO  FunctionalLibrary:124 - Jan
2019-06-29 09:06:273 INFO  FunctionalLibrary:124 - Feb
2019-06-29 09:06:354 INFO  FunctionalLibrary:124 - Mar
2019-06-29 09:06:424 INFO  FunctionalLibrary:124 - Apr
2019-06-29 09:06:502 INFO  FunctionalLibrary:124 - May
2019-06-29 09:06:574 INFO  FunctionalLibrary:124 - Jun
2019-06-29 09:06:641 INFO  FunctionalLibrary:124 - Jul
2019-06-29 09:06:724 INFO  FunctionalLibrary:124 - Aug
2019-06-29 09:06:798 INFO  FunctionalLibrary:124 - Sept
2019-06-29 09:06:870 INFO  FunctionalLibrary:124 - Oct
2019-06-29 09:06:946 INFO  FunctionalLibrary:124 - Nov
2019-06-29 09:06:20 INFO  FunctionalLibrary:124 - Dec
2019-06-29 09:06:641 INFO  TestBase:105 - *********s*****facebookSignUpFinished***************
2019-06-29 09:06:466 INFO  TestBase:87 - **************facebookSignUpStarted***************
2019-06-29 09:06:629 INFO  FunctionalLibrary:53 - entering ..Murugan
2019-06-29 09:06:915 INFO  FunctionalLibrary:53 - entering ..Velu
2019-06-29 09:06:485 INFO  FunctionalLibrary:53 - entering ..muruganrvelu@gmail.com
2019-06-29 09:06:619 INFO  FunctionalLibrary:87 - selectUsingIndex and index is: 3
2019-06-29 09:06:14 INFO  FunctionalLibrary:95 - selectUsingVisibleText and visibleText is: Sept
2019-06-29 09:06:351 INFO  FunctionalLibrary:124 - Month
2019-06-29 09:06:409 INFO  FunctionalLibrary:124 - Jan
2019-06-29 09:06:466 INFO  FunctionalLibrary:124 - Feb
2019-06-29 09:06:515 INFO  FunctionalLibrary:124 - Mar
2019-06-29 09:06:567 INFO  FunctionalLibrary:124 - Apr
2019-06-29 09:06:616 INFO  FunctionalLibrary:124 - May
2019-06-29 09:06:668 INFO  FunctionalLibrary:124 - Jun
2019-06-29 09:06:729 INFO  FunctionalLibrary:124 - Jul
2019-06-29 09:06:782 INFO  FunctionalLibrary:124 - Aug
2019-06-29 09:06:839 INFO  FunctionalLibrary:124 - Sept
2019-06-29 09:06:889 INFO  FunctionalLibrary:124 - Oct
2019-06-29 09:06:948 INFO  FunctionalLibrary:124 - Nov
2019-06-29 09:06:15 INFO  FunctionalLibrary:124 - Dec
2019-06-29 09:06:95 INFO  FunctionalLibrary:95 - selectUsingVisibleText and visibleText is: Sept
2019-06-29 09:06:611 INFO  TestBase:105 - *********s*****facebookSignUpFinished***************
2019-06-29 22:06:306 INFO  TestBase:87 - **************facebookSignUpStarted***************
2019-06-29 22:06:295 INFO  FunctionalLibrary:53 - entering ..Murugan
2019-06-29 22:06:527 INFO  FunctionalLibrary:53 - entering ..Velu
2019-06-29 22:06:59 INFO  FunctionalLibrary:53 - entering ..muruganrvelu@gmail.com
2019-06-29 22:06:169 INFO  FunctionalLibrary:87 - selectUsingIndex and index is: 3
2019-06-29 22:06:518 INFO  FunctionalLibrary:95 - selectUsingVisibleText and visibleText is: Sept
2019-06-29 22:06:829 INFO  FunctionalLibrary:124 - Month
2019-06-29 22:06:877 INFO  FunctionalLibrary:124 - Jan
2019-06-29 22:06:923 INFO  FunctionalLibrary:124 - Feb
2019-06-29 22:06:981 INFO  FunctionalLibrary:124 - Mar
2019-06-29 22:06:28 INFO  FunctionalLibrary:124 - Apr
2019-06-29 22:06:81 INFO  FunctionalLibrary:124 - May
2019-06-29 22:06:126 INFO  FunctionalLibrary:124 - Jun
2019-06-29 22:06:172 INFO  FunctionalLibrary:124 - Jul
2019-06-29 22:06:223 INFO  FunctionalLibrary:124 - Aug
2019-06-29 22:06:274 INFO  FunctionalLibrary:124 - Sept
2019-06-29 22:06:321 INFO  FunctionalLibrary:124 - Oct
2019-06-29 22:06:371 INFO  FunctionalLibrary:124 - Nov
2019-06-29 22:06:415 INFO  FunctionalLibrary:124 - Dec
2019-06-29 22:06:489 INFO  FunctionalLibrary:95 - selectUsingVisibleText and visibleText is: Sept
2019-06-29 22:06:978 INFO  TestBase:105 - *********s*****facebookSignUpFinished***************
2019-06-30 22:06:267 INFO  TestBase:87 - **************facebookSignUpStarted***************
2019-06-30 22:06:179 INFO  FunctionalLibrary:53 - entering ..Murugan
2019-06-30 22:06:742 INFO  FunctionalLibrary:53 - entering ..Velu
2019-06-30 22:06:626 INFO  FunctionalLibrary:53 - entering ..murugan@gmail.com
2019-06-30 22:06:936 INFO  FunctionalLibrary:95 - selectUsingVisibleText and visibleText is: 3
2019-06-30 22:06:544 INFO  FunctionalLibrary:95 - selectUsingVisibleText and visibleText is: May
2019-06-30 22:06:992 INFO  FunctionalLibrary:95 - selectUsingVisibleText and visibleText is: 2019
2019-06-30 22:06:997 INFO  TestBase:105 - *********s*****facebookSignUpFinished***************
2019-07-02 08:07:02 INFO  TestBase:87 - **************facebookSignUpStarted***************
2019-07-02 08:07:329 INFO  FunctionalLibrary:53 - entering ..Murugan
2019-07-02 08:07:730 INFO  FunctionalLibrary:53 - entering ..Velu
2019-07-02 08:07:391 INFO  FunctionalLibrary:53 - entering ..murugan@gmail.com
2019-07-02 08:07:672 INFO  FunctionalLibrary:95 - selectUsingVisibleText and visibleText is: 3
2019-07-02 08:07:72 INFO  FunctionalLibrary:95 - selectUsingVisibleText and visibleText is: May
2019-07-02 08:07:421 INFO  FunctionalLibrary:95 - selectUsingVisibleText and visibleText is: 2019
2019-07-02 08:07:178 INFO  TestBase:105 - *********s*****facebookSignUpFinished***************
